2025-03-19 15:26:12,713 - masks - INFO - Начало маскирования номер карты
2025-03-19 15:26:12,713 - masks - INFO - Маскирование номер карты завершено успешно
2025-03-19 15:26:12,715 - masks - INFO - Начало маскирования номер карты
2025-03-19 15:26:12,715 - masks - INFO - Маскирование номер карты завершено успешно
2025-03-19 15:26:12,717 - masks - INFO - Начало маскирования номер карты
2025-03-19 15:26:12,717 - masks - INFO - Маскирование номер карты завершено успешно
2025-03-19 15:26:12,719 - masks - ERROR - Ошибочный тип данных
2025-03-19 15:26:12,721 - masks - ERROR - Ошибочный тип данных
2025-03-19 15:26:12,723 - masks - ERROR - Ошибочный тип данных
2025-03-19 15:26:12,726 - masks - ERROR - Неверный номер карты
2025-03-19 15:26:12,728 - masks - ERROR - Неверный номер карты
2025-03-19 15:26:12,730 - masks - ERROR - Неверный номер карты
2025-03-19 15:26:12,732 - masks - INFO - Начало маскирования номера счета
2025-03-19 15:26:12,732 - masks - INFO - Маскирование номера счета завершено успешно
2025-03-19 15:26:12,734 - masks - INFO - Начало маскирования номера счета
2025-03-19 15:26:12,734 - masks - INFO - Маскирование номера счета завершено успешно
2025-03-19 15:26:12,736 - masks - INFO - Начало маскирования номера счета
2025-03-19 15:26:12,736 - masks - INFO - Маскирование номера счета завершено успешно
2025-03-19 15:26:12,738 - masks - ERROR - Ошибочный тип данных
2025-03-19 15:26:12,740 - masks - ERROR - Ошибочный тип данных
2025-03-19 15:26:12,742 - masks - ERROR - Ошибочный тип данных
2025-03-19 15:26:12,743 - masks - ERROR - Неверная длина номера счета
2025-03-19 15:26:12,745 - masks - ERROR - Неверная длина номера счета
2025-03-19 15:26:12,747 - masks - ERROR - Неверная длина номера счета
2025-03-19 15:26:12,810 - masks - INFO - Начало маскирования номера счета
2025-03-19 15:26:12,810 - masks - INFO - Маскирование номера счета завершено успешно
2025-03-19 15:26:12,812 - masks - INFO - Начало маскирования номера счета
2025-03-19 15:26:12,812 - masks - INFO - Маскирование номера счета завершено успешно
2025-03-19 15:26:12,815 - masks - INFO - Начало маскирования номер карты
2025-03-19 15:26:12,815 - masks - INFO - Маскирование номер карты завершено успешно
2025-03-19 15:26:12,818 - masks - INFO - Начало маскирования номер карты
2025-03-19 15:26:12,818 - masks - INFO - Маскирование номер карты завершено успешно
2025-03-19 15:26:12,820 - masks - INFO - Начало маскирования номер карты
2025-03-19 15:26:12,820 - masks - INFO - Маскирование номер карты завершено успешно
2025-03-19 15:26:12,822 - masks - INFO - Начало маскирования номер карты
2025-03-19 15:26:12,822 - masks - INFO - Маскирование номер карты завершено успешно
2025-03-19 15:26:12,836 - masks - ERROR - Неверный номер карты
2025-03-19 15:26:12,838 - masks - ERROR - Неверный номер карты
2025-03-19 15:26:12,840 - masks - ERROR - Неверная длина номера счета
